[INFO] Scanning for projects...
[INFO] 
[INFO] -----------------------< com.fpt.practical:java >-----------------------
[INFO] Building java 0.0.1-SNAPSHOT
[INFO] --------------------------------[ jar ]---------------------------------
[INFO] 
[INFO] --- maven-clean-plugin:3.1.0:clean (default-clean) @ java ---
[INFO] Deleting E:\CN9\PE2A_WF_Lecturer\PE2A_WF_LECTURER\Lecturer\submission\PracticalExams\Practical_Java_SE1200_20200511\Server\target
[INFO] 
[INFO] --- maven-resources-plugin:3.1.0:resources (default-resources) @ java ---
[INFO] Using 'UTF-8' encoding to copy filtered resources.
[INFO] Copying 1 resource
[INFO] Copying 0 resource
[INFO] 
[INFO] --- maven-compiler-plugin:3.8.1:compile (default-compile) @ java ---
[INFO] Changes detected - recompiling the module!
[INFO] Compiling 8 source files to E:\CN9\PE2A_WF_Lecturer\PE2A_WF_LECTURER\Lecturer\submission\PracticalExams\Practical_Java_SE1200_20200511\Server\target\classes
[INFO] 
[INFO] --- maven-resources-plugin:3.1.0:testResources (default-testResources) @ java ---
[INFO] Using 'UTF-8' encoding to copy filtered resources.
[INFO] skip non existing resourceDirectory E:\CN9\PE2A_WF_Lecturer\PE2A_WF_LECTURER\Lecturer\submission\PracticalExams\Practical_Java_SE1200_20200511\Server\src\test\resources
[INFO] 
[INFO] --- maven-compiler-plugin:3.8.1:testCompile (default-testCompile) @ java ---
[INFO] Changes detected - recompiling the module!
[INFO] Compiling 3 source files to E:\CN9\PE2A_WF_Lecturer\PE2A_WF_LECTURER\Lecturer\submission\PracticalExams\Practical_Java_SE1200_20200511\Server\target\test-classes
[INFO] 
[INFO] --- maven-surefire-plugin:2.22.2:test (default-test) @ java ---
[INFO] 
[INFO] -------------------------------------------------------
[INFO]  T E S T S
[INFO] -------------------------------------------------------
[INFO] Running com.practicalexam.JavaApplicationTests
23:25:31.516 [main] DEBUG org.springframework.test.context.BootstrapUtils - Instantiating CacheAwareContextLoaderDelegate from class [org.springframework.test.context.cache.DefaultCacheAwareContextLoaderDelegate]
23:25:31.547 [main] DEBUG org.springframework.test.context.BootstrapUtils - Instantiating BootstrapContext using constructor [public org.springframework.test.context.support.DefaultBootstrapContext(java.lang.Class,org.springframework.test.context.CacheAwareContextLoaderDelegate)]
23:25:31.649 [main] DEBUG org.springframework.test.context.BootstrapUtils - Instantiating TestContextBootstrapper for test class [com.practicalexam.JavaApplicationTests] from class [org.springframework.boot.test.context.SpringBootTestContextBootstrapper]
23:25:31.695 [main] INFO org.springframework.boot.test.context.SpringBootTestContextBootstrapper - Neither @ContextConfiguration nor @ContextHierarchy found for test class [com.practicalexam.JavaApplicationTests], using SpringBootContextLoader
23:25:31.704 [main] DEBUG org.springframework.test.context.support.AbstractContextLoader - Did not detect default resource location for test class [com.practicalexam.JavaApplicationTests]: class path resource [com/practicalexam/JavaApplicationTests-context.xml] does not exist
23:25:31.704 [main] DEBUG org.springframework.test.context.support.AbstractContextLoader - Did not detect default resource location for test class [com.practicalexam.JavaApplicationTests]: class path resource [com/practicalexam/JavaApplicationTestsContext.groovy] does not exist
23:25:31.704 [main] INFO org.springframework.test.context.support.AbstractContextLoader - Could not detect default resource locations for test class [com.practicalexam.JavaApplicationTests]: no resource found for suffixes {-context.xml, Context.groovy}.
23:25:31.705 [main] INFO org.springframework.test.context.support.AnnotationConfigContextLoaderUtils - Could not detect default configuration classes for test class [com.practicalexam.JavaApplicationTests]: JavaApplicationTests does not declare any static, non-private, non-final, nested classes annotated with @Configuration.
23:25:31.822 [main] DEBUG org.springframework.test.context.support.ActiveProfilesUtils - Could not find an 'annotation declaring class' for annotation type [org.springframework.test.context.ActiveProfiles] and class [com.practicalexam.JavaApplicationTests]
23:25:31.977 [main] DEBUG org.springframework.context.annotation.ClassPathScanningCandidateComponentProvider - Identified candidate component class: file [E:\CN9\PE2A_WF_Lecturer\PE2A_WF_LECTURER\Lecturer\submission\PracticalExams\Practical_Java_SE1200_20200511\Server\target\classes\com\practicalexam\JavaApplication.class]
23:25:31.979 [main] INFO org.springframework.boot.test.context.SpringBootTestContextBootstrapper - Found @SpringBootConfiguration com.practicalexam.JavaApplication for test class com.practicalexam.JavaApplicationTests
23:25:32.222 [main] DEBUG org.springframework.boot.test.context.SpringBootTestContextBootstrapper - @TestExecutionListeners is not present for class [com.practicalexam.JavaApplicationTests]: using defaults.
23:25:32.223 [main] INFO org.springframework.boot.test.context.SpringBootTestContextBootstrapper - Loaded default TestExecutionListener class names from location [META-INF/spring.factories]: [org.springframework.boot.test.mock.mockito.MockitoTestExecutionListener, org.springframework.boot.test.mock.mockito.ResetMocksTestExecutionListener, org.springframework.boot.test.autoconfigure.restdocs.RestDocsTestExecutionListener, org.springframework.boot.test.autoconfigure.web.client.MockRestServiceServerResetTestExecutionListener, org.springframework.boot.test.autoconfigure.web.servlet.MockMvcPrintOnlyOnFailureTestExecutionListener, org.springframework.boot.test.autoconfigure.web.servlet.WebDriverTestExecutionListener, org.springframework.test.context.web.ServletTestExecutionListener, org.springframework.test.context.support.DirtiesContextBeforeModesTestExecutionListener, org.springframework.test.context.support.DependencyInjectionTestExecutionListener, org.springframework.test.context.support.DirtiesContextTestExecutionListener, org.springframework.test.context.transaction.TransactionalTestExecutionListener, org.springframework.test.context.jdbc.SqlScriptsTestExecutionListener, org.springframework.test.context.event.EventPublishingTestExecutionListener]
23:25:32.242 [main] DEBUG org.springframework.boot.test.context.SpringBootTestContextBootstrapper - Skipping candidate TestExecutionListener [org.springframework.test.context.transaction.TransactionalTestExecutionListener] due to a missing dependency. Specify custom listener classes or make the default listener classes and their required dependencies available. Offending class: [org/springframework/transaction/interceptor/TransactionAttributeSource]
23:25:32.243 [main] DEBUG org.springframework.boot.test.context.SpringBootTestContextBootstrapper - Skipping candidate TestExecutionListener [org.springframework.test.context.jdbc.SqlScriptsTestExecutionListener] due to a missing dependency. Specify custom listener classes or make the default listener classes and their required dependencies available. Offending class: [org/springframework/transaction/interceptor/TransactionAttribute]
23:25:32.244 [main] INFO org.springframework.boot.test.context.SpringBootTestContextBootstrapper - Using TestExecutionListeners: [org.springframework.test.context.web.ServletTestExecutionListener@3383649e, org.springframework.test.context.support.DirtiesContextBeforeModesTestExecutionListener@10fde30a, org.springframework.boot.test.mock.mockito.MockitoTestExecutionListener@f27ea3, org.springframework.boot.test.autoconfigure.SpringBootDependencyInjectionTestExecutionListener@1ce61929, org.springframework.test.context.support.DirtiesContextTestExecutionListener@346939bf, org.springframework.test.context.event.EventPublishingTestExecutionListener@4bf3798b, org.springframework.boot.test.mock.mockito.ResetMocksTestExecutionListener@58670130, org.springframework.boot.test.autoconfigure.restdocs.RestDocsTestExecutionListener@74e47444, org.springframework.boot.test.autoconfigure.web.client.MockRestServiceServerResetTestExecutionListener@9bd0fa6, org.springframework.boot.test.autoconfigure.web.servlet.MockMvcPrintOnlyOnFailureTestExecutionListener@59d2103b, org.springframework.boot.test.autoconfigure.web.servlet.WebDriverTestExecutionListener@39dcf4b0]
23:25:32.251 [main] DEBUG org.springframework.test.context.support.AbstractDirtiesContextTestExecutionListener - Before test class: context [DefaultTestContext@18245eb0 testClass = JavaApplicationTests, testInstance = [null], testMethod = [null], testException = [null], mergedContextConfiguration = [WebMergedContextConfiguration@7c7d3c46 testClass = JavaApplicationTests, locations = '{}', classes = '{class com.practicalexam.JavaApplication}', contextInitializerClasses = '[]', activeProfiles = '{}', propertySourceLocations = '{}', propertySourceProperties = '{org.springframework.boot.test.context.SpringBootTestContextBootstrapper=true}', contextCustomizers = set[org.springframework.boot.test.context.filter.ExcludeFilterContextCustomizer@ee86bcb, org.springframework.boot.test.json.DuplicateJsonObjectContextCustomizerFactory$DuplicateJsonObjectContextCustomizer@6bca7e0d, org.springframework.boot.test.mock.mockito.MockitoContextCustomizer@0, org.springframework.boot.test.web.client.TestRestTemplateContextCustomizer@648c94da, org.springframework.boot.test.autoconfigure.properties.PropertyMappingContextCustomizer@0, org.springframework.boot.test.autoconfigure.web.servlet.WebDriverContextCustomizerFactory$Customizer@289710d9], resourceBasePath = 'src/main/webapp', contextLoader = 'org.springframework.boot.test.context.SpringBootContextLoader', parent = [null]], attributes = map['org.springframework.test.context.web.ServletTestExecutionListener.activateListener' -> true]], class annotated with @DirtiesContext [false] with mode [null].
23:25:32.313 [main] DEBUG org.springframework.test.context.support.TestPropertySourceUtils - Adding inlined properties to environment: {spring.jmx.enabled=false, org.springframework.boot.test.context.SpringBootTestContextBootstrapper=true, server.port=-1}

  .   ____          _            __ _ _
 /\\ / ___'_ __ _ _(_)_ __  __ _ \ \ \ \
( ( )\___ | '_ | '_| | '_ \/ _` | \ \ \ \
 \\/  ___)| |_)| | | | | || (_| |  ) ) ) )
  '  |____| .__|_| |_|_| |_\__, | / / / /
 =========|_|==============|___/=/_/_/_/
 :: Spring Boot ::        (v2.2.4.RELEASE)

2020-05-11 23:25:33.125  INFO 12136 --- [           main] com.practicalexam.JavaApplicationTests   : Starting JavaApplicationTests on THUCNHSE63155 with PID 12136 (started by HP in E:\CN9\PE2A_WF_Lecturer\PE2A_WF_LECTURER\Lecturer\submission\PracticalExams\Practical_Java_SE1200_20200511\Server)
2020-05-11 23:25:33.132  INFO 12136 --- [           main] com.practicalexam.JavaApplicationTests   : No active profile set, falling back to default profiles: default
2020-05-11 23:25:36.768  INFO 12136 --- [           main] trationDelegate$BeanPostProcessorChecker : Bean 'org.springframework.ws.config.annotation.DelegatingWsConfiguration' of type [org.springframework.ws.config.annotation.DelegatingWsConfiguration$$EnhancerBySpringCGLIB$$e55d1886] is not eligible for getting processed by all BeanPostProcessors (for example: not eligible for auto-proxying)
2020-05-11 23:25:37.087  INFO 12136 --- [           main] .w.s.a.s.AnnotationActionEndpointMapping : Supporting [WS-Addressing August 2004, WS-Addressing 1.0]
2020-05-11 23:25:38.948  INFO 12136 --- [           main] o.s.s.concurrent.ThreadPoolTaskExecutor  : Initializing ExecutorService 'applicationTaskExecutor'
2020-05-11 23:25:40.506  INFO 12136 --- [           main] com.practicalexam.JavaApplicationTests   : Started JavaApplicationTests in 8.166 seconds (JVM running for 12.629)
==========Start Insert==========
|IA1406|codeAdd |modelAdd            |  10|   1000.0|
|IA1406|codeAdd2|modelAdd            |  10|   1000.0|
==========End Insert==========
Test Successful for test: insertShoes()
==========Start Update==========
|IA1406|codeAdd |modelAdd            |  10|   1000.0|
|IA1406|codeAdd2|modelUpdate         |  11|   1001.0|
==========End Update==========
Test Successful for test: updateShoes()
==========Start Search==========
|IA1406|codeAdd |modelAdd            |  10|   1000.0|
==========End Search==========
Test Successful for test: searchShoes()
==========Start Sort==========
|IA1406|codeAdd |modelAdd            |  10|   1000.0|
|IA1406|codeAdd2|modelUpdate         |  11|   1001.0|
|IA1406|codeSort|zmodelSort          |  14|   1004.0|
==========End Sort==========
Test Successful for test: sortShoes()
==========Start Remove==========
|IA1406|codeAdd |modelAdd            |  10|   1000.0|
|IA1406|codeAdd2|modelUpdate         |  11|   1001.0|
|IA1406|codeSort|zmodelSort          |  14|   1004.0|
==========End Remove==========
Test Successful for test: removeShoes()
E:\CN9\PE2A_WF_Lecturer\PE2A_WF_LECTURER\Lecturer\submission\PracticalExams\Practical_Java_SE1200_20200511\Server\src\test\java\com\practicalexam
E:\CN9\PE2A_WF_Lecturer\PE2A_WF_LECTURER\Lecturer\submission\PracticalExams\Practical_Java_SE1200_20200511\Server\src\test\java\com\practicalexam
updateShoes()-1.5
Result question: updateShoes(): 1.5
searchShoes()-1.5
Result question: searchShoes(): 1.5
sortShoes()-1.5
Result question: sortShoes(): 1.5
removeShoes()-1.5
Result question: removeShoes(): 1.5
insertShoes()-2
Result question: insertShoes(): 2
{"studentCode":"SE63146","listQuestions":{"searchShoes():Success":"1.5/1.5","removeShoes():Success":"1.5/1.5","insertShoes():Success":"2.0/2","updateShoes():Success":"1.5/1.5","sortShoes():Success":"1.5/1.5"},"totalPoint":"8.0","submitTime":null,"evaluateTime":"2020-05-11 23:26:06","codingConvention":null,"result":"5/5","errorMsg":null}
[INFO] Tests run: 5, Failures: 0, Errors: 0, Skipped: 0, Time elapsed: 35.627 s - in com.practicalexam.JavaApplicationTests
2020-05-11 23:26:07.112  INFO 12136 --- [extShutdownHook] o.s.s.concurrent.ThreadPoolTaskExecutor  : Shutting down ExecutorService 'applicationTaskExecutor'
[INFO] 
[INFO] Results:
[INFO] 
[INFO] Tests run: 5, Failures: 0, Errors: 0, Skipped: 0
[INFO] 
[INFO] 
[INFO] --- maven-jar-plugin:3.1.2:jar (default-jar) @ java ---
[INFO] Building jar: E:\CN9\PE2A_WF_Lecturer\PE2A_WF_LECTURER\Lecturer\submission\PracticalExams\Practical_Java_SE1200_20200511\Server\target\java-0.0.1-SNAPSHOT.jar
[INFO] 
[INFO] --- spring-boot-maven-plugin:2.2.4.RELEASE:repackage (repackage) @ java ---
[INFO] Replacing main artifact with repackaged archive
[INFO] ------------------------------------------------------------------------
[INFO] BUILD SUCCESS
[INFO] ------------------------------------------------------------------------
[INFO] Total time:  01:03 min
[INFO] Finished at: 2020-05-11T23:26:13+07:00
[INFO] ------------------------------------------------------------------------
